<?xml version="1.0" encoding="UTF-8"?>
<testsuite xmlns:xsi="http://www.w3.org/2001/XMLSchema-instance" xsi:noNamespaceSchemaLocation="https://maven.apache.org/surefire/maven-surefire-plugin/xsd/surefire-test-report.xsd" name="TestSuite" time="55.406" tests="3" errors="0" skipped="0" failures="2">
  <properties>
    <property name="gopherProxySet" value="false"/>
    <property name="awt.toolkit" value="sun.lwawt.macosx.LWCToolkit"/>
    <property name="java.specification.version" value="9"/>
    <property name="file.encoding.pkg" value="sun.io"/>
    <property name="sun.cpu.isalist" value=""/>
    <property name="sun.jnu.encoding" value="UTF-8"/>
    <property name="java.class.path" value="/Applications/Eclipse.app/Contents/Eclipse/plugins/org.eclipse.m2e.maven.runtime_1.8.3.20180227-2135/jars/plexus-classworlds-2.5.2.jar"/>
    <property name="java.vm.vendor" value="Oracle Corporation"/>
    <property name="sun.arch.data.model" value="64"/>
    <property name="java.vendor.url" value="http://java.oracle.com/"/>
    <property name="user.timezone" value="America/Los_Angeles"/>
    <property name="os.name" value="Mac OS X"/>
    <property name="java.vm.specification.version" value="9"/>
    <property name="sun.java.launcher" value="SUN_STANDARD"/>
    <property name="user.country" value="US"/>
    <property name="sun.boot.library.path" value="/Library/Java/JavaVirtualMachines/jdk-9.0.1.jdk/Contents/Home/lib"/>
    <property name="sun.java.command" value="org.codehaus.plexus.classworlds.launcher.Launcher -B test"/>
    <property name="http.nonProxyHosts" value="local|*.local|169.254/16|*.169.254/16"/>
    <property name="jdk.debug" value="release"/>
    <property name="maven.home" value="/Users/jemmyj/eclipse-workspace/MavenProject/EMBEDDED"/>
    <property name="sun.cpu.endian" value="little"/>
    <property name="user.home" value="/Users/jemmyj"/>
    <property name="user.language" value="en"/>
    <property name="java.specification.vendor" value="Oracle Corporation"/>
    <property name="java.home" value="/Library/Java/JavaVirtualMachines/jdk-9.0.1.jdk/Contents/Home"/>
    <property name="file.separator" value="/"/>
    <property name="java.vm.compressedOopsMode" value="Zero based"/>
    <property name="line.separator" value="&#10;"/>
    <property name="java.specification.name" value="Java Platform API Specification"/>
    <property name="java.vm.specification.vendor" value="Oracle Corporation"/>
    <property name="java.awt.graphicsenv" value="sun.awt.CGraphicsEnvironment"/>
    <property name="sun.management.compiler" value="HotSpot 64-Bit Tiered Compilers"/>
    <property name="ftp.nonProxyHosts" value="local|*.local|169.254/16|*.169.254/16"/>
    <property name="java.runtime.version" value="9.0.1+11"/>
    <property name="user.name" value="jemmyj"/>
    <property name="path.separator" value=":"/>
    <property name="os.version" value="10.13.6"/>
    <property name="java.runtime.name" value="Java(TM) SE Runtime Environment"/>
    <property name="file.encoding" value="UTF-8"/>
    <property name="guice.disable.misplaced.annotation.check" value="true"/>
    <property name="java.vm.name" value="Java HotSpot(TM) 64-Bit Server VM"/>
    <property name="java.vendor.url.bug" value="http://bugreport.java.com/bugreport/"/>
    <property name="java.io.tmpdir" value="/var/folders/lm/0rm3y8_12ll8chrjkkk10tvw00gqs9/T/"/>
    <property name="java.version" value="9.0.1"/>
    <property name="user.dir" value="/Users/jemmyj/eclipse-workspace/MavenProject"/>
    <property name="os.arch" value="x86_64"/>
    <property name="maven.multiModuleProjectDirectory" value="/Users/jemmyj/eclipse-workspace/MavenProject"/>
    <property name="java.vm.specification.name" value="Java Virtual Machine Specification"/>
    <property name="java.awt.printerjob" value="sun.lwawt.macosx.CPrinterJob"/>
    <property name="sun.os.patch.level" value="unknown"/>
    <property name="java.library.path" value="/Users/jemmyj/Library/Java/Extensions:/Library/Java/Extensions:/Network/Library/Java/Extensions:/System/Library/Java/Extensions:/usr/lib/java:."/>
    <property name="java.vm.info" value="mixed mode"/>
    <property name="java.vendor" value="Oracle Corporation"/>
    <property name="java.vm.version" value="9.0.1+11"/>
    <property name="classworlds.conf" value="/Users/jemmyj/eclipse-workspace/.metadata/.plugins/org.eclipse.m2e.launching/launches/m2conf3059296272752945534.tmp"/>
    <property name="sun.io.unicode.encoding" value="UnicodeBig"/>
    <property name="java.class.version" value="53.0"/>
    <property name="socksNonProxyHosts" value="local|*.local|169.254/16|*.169.254/16"/>
  </properties>
  <testcase name="loginScreen" classname="mavenProject.MessengerTestScript.MainMessenger" time="19.233">
    <failure message="An element could not be located on the page using the given search parameters. (WARNING: The server did not provide any stacktrace information)&#10;Command duration or timeout: 15.20 seconds&#10;For documentation on this error, please visit: http://seleniumhq.org/exceptions/no_such_element.html&#10;Build info: version: &apos;2.53.1&apos;, revision: &apos;a36b8b1cd5757287168e54b817830adce9b0158d&apos;, time: &apos;2016-06-30 19:26:09&apos;&#10;System info: host: &apos;jemmyj-macbookpro.roam.corp.google.com&apos;, ip: &apos;192.168.0.108&apos;, os.name: &apos;Mac OS X&apos;, os.arch: &apos;x86_64&apos;, os.version: &apos;10.13.6&apos;, java.version: &apos;9.0.1&apos;&#10;Driver info: io.appium.java_client.android.AndroidDriver&#10;Capabilities [{appPackage=com.facebook.orca, deviceScreenSize=1080x1920, networkConnectionEnabled=true, noReset=true, warnings={}, databaseEnabled=false, deviceName=HT445WM01757, fullReset=false, platform=LINUX, deviceUDID=HT445WM01757, appActivity=com.facebook.orca.auth.StartScreenActivity, desired={appPackage=com.facebook.orca, appActivity=com.facebook.orca.auth.StartScreenActivity, noReset=true, platformName=Android, deviceName=030834eed0218526, fullReset=false}, platformVersion=5.0.2, webStorageEnabled=false, locationContextEnabled=false, takesScreenshot=true, javascriptEnabled=true, deviceModel=HTC One_M8, platformName=Android, deviceManufacturer=HTC}]&#10;Session ID: 1b53bd45-bd5b-4805-9042-f7cb898ced31&#10;*** Element info: {Using=id, value=com.facebook.orca:id/login}" type="org.openqa.selenium.NoSuchElementException">org.openqa.selenium.NoSuchElementException: 
An element could not be located on the page using the given search parameters. (WARNING: The server did not provide any stacktrace information)
Command duration or timeout: 15.20 seconds
For documentation on this error, please visit: http://seleniumhq.org/exceptions/no_such_element.html
Build info: version: '2.53.1', revision: 'a36b8b1cd5757287168e54b817830adce9b0158d', time: '2016-06-30 19:26:09'
System info: host: 'jemmyj-macbookpro.roam.corp.google.com', ip: '192.168.0.108', os.name: 'Mac OS X', os.arch: 'x86_64', os.version: '10.13.6', java.version: '9.0.1'
Driver info: io.appium.java_client.android.AndroidDriver
Capabilities [{appPackage=com.facebook.orca, deviceScreenSize=1080x1920, networkConnectionEnabled=true, noReset=true, warnings={}, databaseEnabled=false, deviceName=HT445WM01757, fullReset=false, platform=LINUX, deviceUDID=HT445WM01757, appActivity=com.facebook.orca.auth.StartScreenActivity, desired={appPackage=com.facebook.orca, appActivity=com.facebook.orca.auth.StartScreenActivity, noReset=true, platformName=Android, deviceName=030834eed0218526, fullReset=false}, platformVersion=5.0.2, webStorageEnabled=false, locationContextEnabled=false, takesScreenshot=true, javascriptEnabled=true, deviceModel=HTC One_M8, platformName=Android, deviceManufacturer=HTC}]
Session ID: 1b53bd45-bd5b-4805-9042-f7cb898ced31
*** Element info: {Using=id, value=com.facebook.orca:id/login}
	at mavenProject.MessengerTestScript.MainMessenger.loginScreen(MainMessenger.java:44)
</failure>
    <system-out><![CDATA[ driver AndroidDriver:  on LINUX (1b53bd45-bd5b-4805-9042-f7cb898ced31)
]]></system-out>
  </testcase>
  <testcase name="openMessages" classname="mavenProject.MessengerTestScript.MainMessenger" time="17.4">
    <failure message="An element could not be located on the page using the given search parameters. (WARNING: The server did not provide any stacktrace information)&#10;Command duration or timeout: 15.40 seconds&#10;For documentation on this error, please visit: http://seleniumhq.org/exceptions/no_such_element.html&#10;Build info: version: &apos;2.53.1&apos;, revision: &apos;a36b8b1cd5757287168e54b817830adce9b0158d&apos;, time: &apos;2016-06-30 19:26:09&apos;&#10;System info: host: &apos;jemmyj-macbookpro.roam.corp.google.com&apos;, ip: &apos;192.168.0.108&apos;, os.name: &apos;Mac OS X&apos;, os.arch: &apos;x86_64&apos;, os.version: &apos;10.13.6&apos;, java.version: &apos;9.0.1&apos;&#10;Driver info: io.appium.java_client.android.AndroidDriver&#10;Capabilities [{appPackage=com.facebook.orca, deviceScreenSize=1080x1920, networkConnectionEnabled=true, noReset=true, warnings={}, databaseEnabled=false, deviceName=HT445WM01757, fullReset=false, platform=LINUX, deviceUDID=HT445WM01757, appActivity=com.facebook.orca.auth.StartScreenActivity, desired={appPackage=com.facebook.orca, appActivity=com.facebook.orca.auth.StartScreenActivity, noReset=true, platformName=Android, deviceName=030834eed0218526, fullReset=false}, platformVersion=5.0.2, webStorageEnabled=false, locationContextEnabled=false, takesScreenshot=true, javascriptEnabled=true, deviceModel=HTC One_M8, platformName=Android, deviceManufacturer=HTC}]&#10;Session ID: 1b53bd45-bd5b-4805-9042-f7cb898ced31&#10;*** Element info: {Using=id, value=com.facebook.orca:id/recents_tab}" type="org.openqa.selenium.NoSuchElementException">org.openqa.selenium.NoSuchElementException: 
An element could not be located on the page using the given search parameters. (WARNING: The server did not provide any stacktrace information)
Command duration or timeout: 15.40 seconds
For documentation on this error, please visit: http://seleniumhq.org/exceptions/no_such_element.html
Build info: version: '2.53.1', revision: 'a36b8b1cd5757287168e54b817830adce9b0158d', time: '2016-06-30 19:26:09'
System info: host: 'jemmyj-macbookpro.roam.corp.google.com', ip: '192.168.0.108', os.name: 'Mac OS X', os.arch: 'x86_64', os.version: '10.13.6', java.version: '9.0.1'
Driver info: io.appium.java_client.android.AndroidDriver
Capabilities [{appPackage=com.facebook.orca, deviceScreenSize=1080x1920, networkConnectionEnabled=true, noReset=true, warnings={}, databaseEnabled=false, deviceName=HT445WM01757, fullReset=false, platform=LINUX, deviceUDID=HT445WM01757, appActivity=com.facebook.orca.auth.StartScreenActivity, desired={appPackage=com.facebook.orca, appActivity=com.facebook.orca.auth.StartScreenActivity, noReset=true, platformName=Android, deviceName=030834eed0218526, fullReset=false}, platformVersion=5.0.2, webStorageEnabled=false, locationContextEnabled=false, takesScreenshot=true, javascriptEnabled=true, deviceModel=HTC One_M8, platformName=Android, deviceManufacturer=HTC}]
Session ID: 1b53bd45-bd5b-4805-9042-f7cb898ced31
*** Element info: {Using=id, value=com.facebook.orca:id/recents_tab}
	at mavenProject.MessengerTestScript.MainMessenger.defaultHome(MainMessenger.java:19)
	at mavenProject.MessengerTestScript.MainMessenger.openMessages(MainMessenger.java:97)
</failure>
    <system-out><![CDATA[OPEN ANY MESSAGE
]]></system-out>
  </testcase>
  <testcase name="verifyInbox" classname="mavenProject.MessengerTestScript.MainMessenger" time="6.215"/>
</testsuite>